Determining if the system is big endian passed with the following output:
Change Dir: /home/ihsanarifr/Documents/TugasKuliah/CodeOpenCV/OpenCV/opencv-3.1.0/build/CMakeFiles/CMakeTmp

Run Build Command:/usr/bin/make "cmTryCompileExec1958946767/fast"
/usr/bin/make -f CMakeFiles/cmTryCompileExec1958946767.dir/build.make CMakeFiles/cmTryCompileExec1958946767.dir/build
make[1]: Entering directory `/home/ihsanarifr/Documents/TugasKuliah/CodeOpenCV/OpenCV/opencv-3.1.0/build/CMakeFiles/CMakeTmp'
/usr/bin/cmake -E cmake_progress_report /home/ihsanarifr/Documents/TugasKuliah/CodeOpenCV/OpenCV/opencv-3.1.0/build/CMakeFiles/CMakeTmp/CMakeFiles 1
Building C object CMakeFiles/cmTryCompileExec1958946767.dir/TestEndianess.c.o
/usr/bin/cc   -fsigned-char -W -Wall -Werror=return-type -Werror=non-virtual-dtor -Werror=address -Werror=sequence-point -Wformat -Werror=format-security -Wmissing-declarations -Wmissing-prototypes -Wstrict-prototypes -Wundef -Winit-self -Wpointer-arith -Wshadow -Wno-narrowing -fdiagnostics-show-option -Wno-long-long -pthread -fomit-frame-pointer -msse -msse2 -mno-avx -msse3 -mno-ssse3 -mno-sse4.1 -mno-sse4.2 -ffunction-sections -fvisibility=hidden  -O3 -DNDEBUG   -o CMakeFiles/cmTryCompileExec1958946767.dir/TestEndianess.c.o   -c /home/ihsanarifr/Documents/TugasKuliah/CodeOpenCV/OpenCV/opencv-3.1.0/build/CMakeFiles/CMakeTmp/TestEndianess.c
Linking C executable cmTryCompileExec1958946767
/usr/bin/cmake -E cmake_link_script CMakeFiles/cmTryCompileExec1958946767.dir/link.txt --verbose=1
/usr/bin/cc     -fsigned-char -W -Wall -Werror=return-type -Werror=non-virtual-dtor -Werror=address -Werror=sequence-point -Wformat -Werror=format-security -Wmissing-declarations -Wmissing-prototypes -Wstrict-prototypes -Wundef -Winit-self -Wpointer-arith -Wshadow -Wno-narrowing -fdiagnostics-show-option -Wno-long-long -pthread -fomit-frame-pointer -msse -msse2 -mno-avx -msse3 -mno-ssse3 -mno-sse4.1 -mno-sse4.2 -ffunction-sections -fvisibility=hidden  -O3 -DNDEBUG    CMakeFiles/cmTryCompileExec1958946767.dir/TestEndianess.c.o  -o cmTryCompileExec1958946767 -rdynamic 
make[1]: Leaving directory `/home/ihsanarifr/Documents/TugasKuliah/CodeOpenCV/OpenCV/opencv-3.1.0/build/CMakeFiles/CMakeTmp'

TestEndianess.c:
/* A 16 bit integer is required. */
typedef unsigned short cmakeint16;

/* On a little endian machine, these 16bit ints will give "THIS IS LITTLE ENDIAN."
   On a big endian machine the characters will be exchanged pairwise. */
const cmakeint16 info_little[] =  {0x4854, 0x5349, 0x4920, 0x2053, 0x494c, 0x5454, 0x454c, 0x4520, 0x444e, 0x4149, 0x2e4e, 0x0000};

/* on a big endian machine, these 16bit ints will give "THIS IS BIG ENDIAN."
   On a little endian machine the characters will be exchanged pairwise. */
const cmakeint16 info_big[] =     {0x5448, 0x4953, 0x2049, 0x5320, 0x4249, 0x4720, 0x454e, 0x4449, 0x414e, 0x2e2e, 0x0000};

#ifdef __CLASSIC_C__
int main(argc, argv) int argc; char *argv[];
#else
int main(int argc, char *argv[])
#endif
{
  int require = 0;
  require += info_little[argc];
  require += info_big[argc];
  (void)argv;
  return require;
}


Determining if the Q_WS_WIN exist failed with the following output:
Change Dir: /home/ihsanarifr/Documents/TugasKuliah/CodeOpenCV/OpenCV/opencv-3.1.0/build/CMakeFiles/CMakeTmp

Run Build Command:/usr/bin/make "cmTryCompileExec3605742452/fast"
/usr/bin/make -f CMakeFiles/cmTryCompileExec3605742452.dir/build.make CMakeFiles/cmTryCompileExec3605742452.dir/build
make[1]: Entering directory `/home/ihsanarifr/Documents/TugasKuliah/CodeOpenCV/OpenCV/opencv-3.1.0/build/CMakeFiles/CMakeTmp'
/usr/bin/cmake -E cmake_progress_report /home/ihsanarifr/Documents/TugasKuliah/CodeOpenCV/OpenCV/opencv-3.1.0/build/CMakeFiles/CMakeTmp/CMakeFiles 1
Building CXX object CMakeFiles/cmTryCompileExec3605742452.dir/CheckSymbolExists.cxx.o
/usr/bin/c++    -fsigned-char -W -Wall -Werror=return-type -Werror=non-virtual-dtor -Werror=address -Werror=sequence-point -Wformat -Werror=format-security -Wmissing-declarations -Wundef -Winit-self -Wpointer-arith -Wshadow -Wsign-promo -Wno-narrowing -Wno-delete-non-virtual-dtor -fdiagnostics-show-option -Wno-long-long -pthread -fomit-frame-pointer -msse -msse2 -mno-avx -msse3 -mno-ssse3 -mno-sse4.1 -mno-sse4.2 -ffunction-sections -fvisibility=hidden -fvisibility-inlines-hidden  -O3 -DNDEBUG -I/usr/include/qt4    -o CMakeFiles/cmTryCompileExec3605742452.dir/CheckSymbolExists.cxx.o -c /home/ihsanarifr/Documents/TugasKuliah/CodeOpenCV/OpenCV/opencv-3.1.0/build/CMakeFiles/CMakeTmp/CheckSymbolExists.cxx
/home/ihsanarifr/Documents/TugasKuliah/CodeOpenCV/OpenCV/opencv-3.1.0/build/CMakeFiles/CMakeTmp/CheckSymbolExists.cxx: In function ‘int main(int, char**)’:
/home/ihsanarifr/Documents/TugasKuliah/CodeOpenCV/OpenCV/opencv-3.1.0/build/CMakeFiles/CMakeTmp/CheckSymbolExists.cxx:8:19: error: ‘Q_WS_WIN’ was not declared in this scope
   return ((int*)(&Q_WS_WIN))[argc];
                   ^
make[1]: *** [CMakeFiles/cmTryCompileExec3605742452.dir/CheckSymbolExists.cxx.o] Error 1
make[1]: Leaving directory `/home/ihsanarifr/Documents/TugasKuliah/CodeOpenCV/OpenCV/opencv-3.1.0/build/CMakeFiles/CMakeTmp'
make: *** [cmTryCompileExec3605742452/fast] Error 2

File /home/ihsanarifr/Documents/TugasKuliah/CodeOpenCV/OpenCV/opencv-3.1.0/build/CMakeFiles/CMakeTmp/CheckSymbolExists.cxx:
/* */
#include <QtCore/qglobal.h>

int main(int argc, char** argv)
{
  (void)argv;
#ifndef Q_WS_WIN
  return ((int*)(&Q_WS_WIN))[argc];
#else
  (void)argc;
  return 0;
#endif
}

Determining if the Q_WS_QWS exist failed with the following output:
Change Dir: /home/ihsanarifr/Documents/TugasKuliah/CodeOpenCV/OpenCV/opencv-3.1.0/build/CMakeFiles/CMakeTmp

Run Build Command:/usr/bin/make "cmTryCompileExec3555215217/fast"
/usr/bin/make -f CMakeFiles/cmTryCompileExec3555215217.dir/build.make CMakeFiles/cmTryCompileExec3555215217.dir/build
make[1]: Entering directory `/home/ihsanarifr/Documents/TugasKuliah/CodeOpenCV/OpenCV/opencv-3.1.0/build/CMakeFiles/CMakeTmp'
/usr/bin/cmake -E cmake_progress_report /home/ihsanarifr/Documents/TugasKuliah/CodeOpenCV/OpenCV/opencv-3.1.0/build/CMakeFiles/CMakeTmp/CMakeFiles 1
Building CXX object CMakeFiles/cmTryCompileExec3555215217.dir/CheckSymbolExists.cxx.o
/usr/bin/c++    -fsigned-char -W -Wall -Werror=return-type -Werror=non-virtual-dtor -Werror=address -Werror=sequence-point -Wformat -Werror=format-security -Wmissing-declarations -Wundef -Winit-self -Wpointer-arith -Wshadow -Wsign-promo -Wno-narrowing -Wno-delete-non-virtual-dtor -fdiagnostics-show-option -Wno-long-long -pthread -fomit-frame-pointer -msse -msse2 -mno-avx -msse3 -mno-ssse3 -mno-sse4.1 -mno-sse4.2 -ffunction-sections -fvisibility=hidden -fvisibility-inlines-hidden  -O3 -DNDEBUG -I/usr/include/qt4    -o CMakeFiles/cmTryCompileExec3555215217.dir/CheckSymbolExists.cxx.o -c /home/ihsanarifr/Documents/TugasKuliah/CodeOpenCV/OpenCV/opencv-3.1.0/build/CMakeFiles/CMakeTmp/CheckSymbolExists.cxx
/home/ihsanarifr/Documents/TugasKuliah/CodeOpenCV/OpenCV/opencv-3.1.0/build/CMakeFiles/CMakeTmp/CheckSymbolExists.cxx: In function ‘int main(int, char**)’:
/home/ihsanarifr/Documents/TugasKuliah/CodeOpenCV/OpenCV/opencv-3.1.0/build/CMakeFiles/CMakeTmp/CheckSymbolExists.cxx:8:19: error: ‘Q_WS_QWS’ was not declared in this scope
   return ((int*)(&Q_WS_QWS))[argc];
                   ^
make[1]: *** [CMakeFiles/cmTryCompileExec3555215217.dir/CheckSymbolExists.cxx.o] Error 1
make[1]: Leaving directory `/home/ihsanarifr/Documents/TugasKuliah/CodeOpenCV/OpenCV/opencv-3.1.0/build/CMakeFiles/CMakeTmp'
make: *** [cmTryCompileExec3555215217/fast] Error 2

File /home/ihsanarifr/Documents/TugasKuliah/CodeOpenCV/OpenCV/opencv-3.1.0/build/CMakeFiles/CMakeTmp/CheckSymbolExists.cxx:
/* */
#include <QtCore/qglobal.h>

int main(int argc, char** argv)
{
  (void)argv;
#ifndef Q_WS_QWS
  return ((int*)(&Q_WS_QWS))[argc];
#else
  (void)argc;
  return 0;
#endif
}

Determining if the Q_WS_MAC exist failed with the following output:
Change Dir: /home/ihsanarifr/Documents/TugasKuliah/CodeOpenCV/OpenCV/opencv-3.1.0/build/CMakeFiles/CMakeTmp

Run Build Command:/usr/bin/make "cmTryCompileExec1132888427/fast"
/usr/bin/make -f CMakeFiles/cmTryCompileExec1132888427.dir/build.make CMakeFiles/cmTryCompileExec1132888427.dir/build
make[1]: Entering directory `/home/ihsanarifr/Documents/TugasKuliah/CodeOpenCV/OpenCV/opencv-3.1.0/build/CMakeFiles/CMakeTmp'
/usr/bin/cmake -E cmake_progress_report /home/ihsanarifr/Documents/TugasKuliah/CodeOpenCV/OpenCV/opencv-3.1.0/build/CMakeFiles/CMakeTmp/CMakeFiles 1
Building CXX object CMakeFiles/cmTryCompileExec1132888427.dir/CheckSymbolExists.cxx.o
/usr/bin/c++    -fsigned-char -W -Wall -Werror=return-type -Werror=non-virtual-dtor -Werror=address -Werror=sequence-point -Wformat -Werror=format-security -Wmissing-declarations -Wundef -Winit-self -Wpointer-arith -Wshadow -Wsign-promo -Wno-narrowing -Wno-delete-non-virtual-dtor -fdiagnostics-show-option -Wno-long-long -pthread -fomit-frame-pointer -msse -msse2 -mno-avx -msse3 -mno-ssse3 -mno-sse4.1 -mno-sse4.2 -ffunction-sections -fvisibility=hidden -fvisibility-inlines-hidden  -O3 -DNDEBUG -I/usr/include/qt4    -o CMakeFiles/cmTryCompileExec1132888427.dir/CheckSymbolExists.cxx.o -c /home/ihsanarifr/Documents/TugasKuliah/CodeOpenCV/OpenCV/opencv-3.1.0/build/CMakeFiles/CMakeTmp/CheckSymbolExists.cxx
/home/ihsanarifr/Documents/TugasKuliah/CodeOpenCV/OpenCV/opencv-3.1.0/build/CMakeFiles/CMakeTmp/CheckSymbolExists.cxx: In function ‘int main(int, char**)’:
/home/ihsanarifr/Documents/TugasKuliah/CodeOpenCV/OpenCV/opencv-3.1.0/build/CMakeFiles/CMakeTmp/CheckSymbolExists.cxx:8:19: error: ‘Q_WS_MAC’ was not declared in this scope
   return ((int*)(&Q_WS_MAC))[argc];
                   ^
make[1]: *** [CMakeFiles/cmTryCompileExec1132888427.dir/CheckSymbolExists.cxx.o] Error 1
make[1]: Leaving directory `/home/ihsanarifr/Documents/TugasKuliah/CodeOpenCV/OpenCV/opencv-3.1.0/build/CMakeFiles/CMakeTmp'
make: *** [cmTryCompileExec1132888427/fast] Error 2

File /home/ihsanarifr/Documents/TugasKuliah/CodeOpenCV/OpenCV/opencv-3.1.0/build/CMakeFiles/CMakeTmp/CheckSymbolExists.cxx:
/* */
#include <QtCore/qglobal.h>

int main(int argc, char** argv)
{
  (void)argv;
#ifndef Q_WS_MAC
  return ((int*)(&Q_WS_MAC))[argc];
#else
  (void)argc;
  return 0;
#endif
}

Determining if the include file linux/videodev.h exists failed with the following output:
Change Dir: /home/ihsanarifr/Documents/TugasKuliah/CodeOpenCV/OpenCV/opencv-3.1.0/build/CMakeFiles/CMakeTmp

Run Build Command:/usr/bin/make "cmTryCompileExec392644951/fast"
/usr/bin/make -f CMakeFiles/cmTryCompileExec392644951.dir/build.make CMakeFiles/cmTryCompileExec392644951.dir/build
make[1]: Entering directory `/home/ihsanarifr/Documents/TugasKuliah/CodeOpenCV/OpenCV/opencv-3.1.0/build/CMakeFiles/CMakeTmp'
/usr/bin/cmake -E cmake_progress_report /home/ihsanarifr/Documents/TugasKuliah/CodeOpenCV/OpenCV/opencv-3.1.0/build/CMakeFiles/CMakeTmp/CMakeFiles 1
Building C object CMakeFiles/cmTryCompileExec392644951.dir/CheckIncludeFile.c.o
/usr/bin/cc   -fsigned-char -W -Wall -Werror=return-type -Werror=non-virtual-dtor -Werror=address -Werror=sequence-point -Wformat -Werror=format-security -Wmissing-declarations -Wmissing-prototypes -Wstrict-prototypes -Wundef -Winit-self -Wpointer-arith -Wshadow -Wno-narrowing -fdiagnostics-show-option -Wno-long-long -pthread -fomit-frame-pointer -msse -msse2 -mno-avx -msse3 -mno-ssse3 -mno-sse4.1 -mno-sse4.2 -ffunction-sections -fvisibility=hidden  -O3 -DNDEBUG   -o CMakeFiles/cmTryCompileExec392644951.dir/CheckIncludeFile.c.o   -c /home/ihsanarifr/Documents/TugasKuliah/CodeOpenCV/OpenCV/opencv-3.1.0/build/CMakeFiles/CMakeTmp/CheckIncludeFile.c
/home/ihsanarifr/Documents/TugasKuliah/CodeOpenCV/OpenCV/opencv-3.1.0/build/CMakeFiles/CMakeTmp/CheckIncludeFile.c:1:28: fatal error: linux/videodev.h: No such file or directory
 #include <linux/videodev.h>
                            ^
compilation terminated.
make[1]: *** [CMakeFiles/cmTryCompileExec392644951.dir/CheckIncludeFile.c.o] Error 1
make[1]: Leaving directory `/home/ihsanarifr/Documents/TugasKuliah/CodeOpenCV/OpenCV/opencv-3.1.0/build/CMakeFiles/CMakeTmp'
make: *** [cmTryCompileExec392644951/fast] Error 2


Determining if the include file sys/videoio.h exists failed with the following output:
Change Dir: /home/ihsanarifr/Documents/TugasKuliah/CodeOpenCV/OpenCV/opencv-3.1.0/build/CMakeFiles/CMakeTmp

Run Build Command:/usr/bin/make "cmTryCompileExec1441076261/fast"
/usr/bin/make -f CMakeFiles/cmTryCompileExec1441076261.dir/build.make CMakeFiles/cmTryCompileExec1441076261.dir/build
make[1]: Entering directory `/home/ihsanarifr/Documents/TugasKuliah/CodeOpenCV/OpenCV/opencv-3.1.0/build/CMakeFiles/CMakeTmp'
/usr/bin/cmake -E cmake_progress_report /home/ihsanarifr/Documents/TugasKuliah/CodeOpenCV/OpenCV/opencv-3.1.0/build/CMakeFiles/CMakeTmp/CMakeFiles 1
Building C object CMakeFiles/cmTryCompileExec1441076261.dir/CheckIncludeFile.c.o
/usr/bin/cc   -fsigned-char -W -Wall -Werror=return-type -Werror=non-virtual-dtor -Werror=address -Werror=sequence-point -Wformat -Werror=format-security -Wmissing-declarations -Wmissing-prototypes -Wstrict-prototypes -Wundef -Winit-self -Wpointer-arith -Wshadow -Wno-narrowing -fdiagnostics-show-option -Wno-long-long -pthread -fomit-frame-pointer -msse -msse2 -mno-avx -msse3 -mno-ssse3 -mno-sse4.1 -mno-sse4.2 -ffunction-sections -fvisibility=hidden  -O3 -DNDEBUG   -o CMakeFiles/cmTryCompileExec1441076261.dir/CheckIncludeFile.c.o   -c /home/ihsanarifr/Documents/TugasKuliah/CodeOpenCV/OpenCV/opencv-3.1.0/build/CMakeFiles/CMakeTmp/CheckIncludeFile.c
/home/ihsanarifr/Documents/TugasKuliah/CodeOpenCV/OpenCV/opencv-3.1.0/build/CMakeFiles/CMakeTmp/CheckIncludeFile.c:1:25: fatal error: sys/videoio.h: No such file or directory
 #include <sys/videoio.h>
                         ^
compilation terminated.
make[1]: *** [CMakeFiles/cmTryCompileExec1441076261.dir/CheckIncludeFile.c.o] Error 1
make[1]: Leaving directory `/home/ihsanarifr/Documents/TugasKuliah/CodeOpenCV/OpenCV/opencv-3.1.0/build/CMakeFiles/CMakeTmp'
make: *** [cmTryCompileExec1441076261/fast] Error 2


Determining if the include file ffmpeg/avformat.h exists failed with the following output:
Change Dir: /home/ihsanarifr/Documents/TugasKuliah/CodeOpenCV/OpenCV/opencv-3.1.0/build/CMakeFiles/CMakeTmp

Run Build Command:/usr/bin/make "cmTryCompileExec2458079779/fast"
/usr/bin/make -f CMakeFiles/cmTryCompileExec2458079779.dir/build.make CMakeFiles/cmTryCompileExec2458079779.dir/build
make[1]: Entering directory `/home/ihsanarifr/Documents/TugasKuliah/CodeOpenCV/OpenCV/opencv-3.1.0/build/CMakeFiles/CMakeTmp'
/usr/bin/cmake -E cmake_progress_report /home/ihsanarifr/Documents/TugasKuliah/CodeOpenCV/OpenCV/opencv-3.1.0/build/CMakeFiles/CMakeTmp/CMakeFiles 1
Building C object CMakeFiles/cmTryCompileExec2458079779.dir/CheckIncludeFile.c.o
/usr/bin/cc   -fsigned-char -W -Wall -Werror=return-type -Werror=non-virtual-dtor -Werror=address -Werror=sequence-point -Wformat -Werror=format-security -Wmissing-declarations -Wmissing-prototypes -Wstrict-prototypes -Wundef -Winit-self -Wpointer-arith -Wshadow -Wno-narrowing -fdiagnostics-show-option -Wno-long-long -pthread -fomit-frame-pointer -msse -msse2 -mno-avx -msse3 -mno-ssse3 -mno-sse4.1 -mno-sse4.2 -ffunction-sections -fvisibility=hidden  -O3 -DNDEBUG   -o CMakeFiles/cmTryCompileExec2458079779.dir/CheckIncludeFile.c.o   -c /home/ihsanarifr/Documents/TugasKuliah/CodeOpenCV/OpenCV/opencv-3.1.0/build/CMakeFiles/CMakeTmp/CheckIncludeFile.c
/home/ihsanarifr/Documents/TugasKuliah/CodeOpenCV/OpenCV/opencv-3.1.0/build/CMakeFiles/CMakeTmp/CheckIncludeFile.c:1:29: fatal error: ffmpeg/avformat.h: No such file or directory
 #include <ffmpeg/avformat.h>
                             ^
compilation terminated.
make[1]: *** [CMakeFiles/cmTryCompileExec2458079779.dir/CheckIncludeFile.c.o] Error 1
make[1]: Leaving directory `/home/ihsanarifr/Documents/TugasKuliah/CodeOpenCV/OpenCV/opencv-3.1.0/build/CMakeFiles/CMakeTmp'
make: *** [cmTryCompileExec2458079779/fast] Error 2


